<?xml version="1.0" encoding="UTF-8"?>
<testng-results skipped="0" failed="0" total="1" passed="1">
  <reporter-output>
  </reporter-output>
  <suite name="Default suite" duration-ms="104642" started-at="2017-04-09T10:43:07Z" finished-at="2017-04-09T10:44:51Z">
    <groups>
    </groups>
    <test name="Default test" duration-ms="104642" started-at="2017-04-09T10:43:07Z" finished-at="2017-04-09T10:44:51Z">
      <class name="com.interview.mobilebanking.CommonTest">
        <test-method status="PASS" signature="setUp()[pri:0, instance:com.interview.mobilebanking.CommonTest@384ad17b]" name="setUp" is-config="true" duration-ms="32075" started-at="2017-04-09T16:13:07Z" finished-at="2017-04-09T16:13:39Z">
          <reporter-output>
          </reporter-output>
        </test-method> <!-- setUp -->
        <test-method status="PASS" signature="accountSummary_Test()[pri:0, instance:com.interview.mobilebanking.CommonTest@384ad17b]" name="accountSummary_Test" duration-ms="65858" started-at="2017-04-09T16:13:39Z" finished-at="2017-04-09T16:14:45Z">
          <reporter-output>
          </reporter-output>
        </test-method> <!-- accountSummary_Test -->
        <test-method status="PASS" signature="logout()[pri:0, instance:com.interview.mobilebanking.CommonTest@384ad17b]" name="logout" is-config="true" duration-ms="0" started-at="2017-04-09T16:14:45Z" finished-at="2017-04-09T16:14:45Z">
          <reporter-output>
          </reporter-output>
        </test-method> <!-- logout -->
        <test-method status="PASS" signature="closeDriver()[pri:0, instance:com.interview.mobilebanking.CommonTest@384ad17b]" name="closeDriver" is-config="true" duration-ms="6695" started-at="2017-04-09T16:14:45Z" finished-at="2017-04-09T16:14:51Z">
          <reporter-output>
          </reporter-output>
        </test-method> <!-- closeDriver -->
      </class> <!-- com.interview.mobilebanking.CommonTest -->
    </test> <!-- Default test -->
  </suite> <!-- Default suite -->
</testng-results>
