<?xml version="1.0" encoding="UTF-8"?>
<testng-results skipped="0" failed="0" total="1" passed="1">
  <reporter-output>
  </reporter-output>
  <suite name="Default suite" duration-ms="197330" started-at="2017-04-22T11:28:08Z" finished-at="2017-04-22T11:31:25Z">
    <groups>
    </groups>
    <test name="Default test" duration-ms="197330" started-at="2017-04-22T11:28:08Z" finished-at="2017-04-22T11:31:25Z">
      <class name="com.interview.mobilebanking.CommonTest">
        <test-method status="PASS" signature="setUp()[pri:0, instance:com.interview.mobilebanking.CommonTest@441772e]" name="setUp" is-config="true" duration-ms="19363" started-at="2017-04-22T16:58:08Z" finished-at="2017-04-22T16:58:27Z">
          <reporter-output>
          </reporter-output>
        </test-method> <!-- setUp -->
        <test-method status="PASS" signature="validLogin_Test()[pri:0, instance:com.interview.mobilebanking.CommonTest@441772e]" name="validLogin_Test" duration-ms="136736" started-at="2017-04-22T16:58:27Z" finished-at="2017-04-22T17:00:44Z">
          <reporter-output>
          </reporter-output>
        </test-method> <!-- validLogin_Test -->
        <test-method status="PASS" signature="logout()[pri:0, instance:com.interview.mobilebanking.CommonTest@441772e]" name="logout" is-config="true" duration-ms="35010" started-at="2017-04-22T17:00:44Z" finished-at="2017-04-22T17:01:19Z">
          <reporter-output>
          </reporter-output>
        </test-method> <!-- logout -->
        <test-method status="PASS" signature="closeDriver()[pri:0, instance:com.interview.mobilebanking.CommonTest@441772e]" name="closeDriver" is-config="true" duration-ms="6204" started-at="2017-04-22T17:01:19Z" finished-at="2017-04-22T17:01:25Z">
          <reporter-output>
          </reporter-output>
        </test-method> <!-- closeDriver -->
      </class> <!-- com.interview.mobilebanking.CommonTest -->
    </test> <!-- Default test -->
  </suite> <!-- Default suite -->
</testng-results>
